<?xml version="1.0" encoding="UTF-8"?>
<!-- Generated by org.testng.reporters.JUnitXMLReporter -->
<testsuite hostname="LAPTOP-NT16Q2I6" ignored="0" name="Surefire test" tests="4" failures="0" timestamp="2020-12-25T22:31:31 IST" time="8.74" errors="0">
  <testcase name="testing" time="3.646" classname="com.crownelearn.Test.TestAPI_1"/>
  <testcase name="testAssured" time="1.848" classname="com.crownelearn.Test.TestAPI_2Post"/>
  <testcase name="postNewEmployee" time="1.948" classname="com.crownelearn.Test.TestAPI_DD_Post"/>
  <testcase name="postNewEmployee" time="1.225" classname="com.crownelearn.Test.TestAPI_DD_Post"/>
</testsuite> <!-- Surefire test -->
