<?xml version="1.0" encoding="UTF-8"?>
<!-- Generated by org.testng.reporters.JUnitXMLReporter -->
<testsuite hostname="LAPTOP-NT16Q2I6" ignored="0" name="Sample Build Test" tests="4" failures="0" timestamp="2020-12-25T11:58:44 IST" time="7.822" errors="0">
  <testcase name="testAssured" time="3.802" classname="com.crownelearn.Test.TestAPI_2Post"/>
  <testcase name="postNewEmployee" time="2.018" classname="com.crownelearn.Test.TestAPI_DD_Post"/>
  <testcase name="postNewEmployee" time="1.281" classname="com.crownelearn.Test.TestAPI_DD_Post"/>
  <testcase name="testing" time="0.614" classname="com.crownelearn.Test.TestAPI_1"/>
</testsuite> <!-- Sample Build Test -->
