<?xml version="1.0" encoding="UTF-8"?>
<!-- Generated by org.testng.reporters.JUnitXMLReporter -->
<testsuite hostname="LAPTOP-NT16Q2I6" ignored="0" name="Test" tests="4" failures="0" timestamp="2020-12-24T15:29:46 IST" time="11.819" errors="0">
  <testcase name="testAssured" time="3.687" classname="com.crownelearn.Test.TestAPI_2Post"/>
  <testcase name="postNewEmployee" time="3.06" classname="com.crownelearn.Test.TestAPI_DD_Post"/>
  <testcase name="postNewEmployee" time="3.757" classname="com.crownelearn.Test.TestAPI_DD_Post"/>
  <testcase name="testing" time="1.218" classname="com.crownelearn.Test.TestAPI_1"/>
</testsuite> <!-- Test -->
