<?xml version="1.0" encoding="UTF-8"?>
<testsuite xmlns:xsi="http://www.w3.org/2001/XMLSchema-instance" xsi:noNamespaceSchemaLocation="https://maven.apache.org/surefire/maven-surefire-plugin/xsd/surefire-test-report.xsd" name="TestSuite" time="10.197" tests="4" errors="0" skipped="0" failures="0">
  <properties>
[...]
</properties>
  <testcase name="testing" classname="com.crownelearn.Test.TestAPI_1" time="3.647"/>
  <testcase name="testAssured" classname="com.crownelearn.Test.TestAPI_2Post" time="1.848"/>
  <testcase name="postNewEmployee" classname="com.crownelearn.Test.TestAPI_DD_Post" time="2.053"/>
  <testcase name="postNewEmployee" classname="com.crownelearn.Test.TestAPI_DD_Post" time="1.234"/>
</testsuite>