<?xml version="1.0" encoding="UTF-8"?>
<testng-results skipped="0" failed="0" ignored="0" total="4" passed="4">
  <reporter-output>
  </reporter-output>
  <suite name="Suite" duration-ms="7822" started-at="2020-12-25T11:58:36 IST" finished-at="2020-12-25T11:58:43 IST">
    <groups>
    </groups>
    <test name="Sample Build Test" duration-ms="7822" started-at="2020-12-25T11:58:36 IST" finished-at="2020-12-25T11:58:43 IST">
      <class name="com.crownelearn.Test.TestAPI_1">
        <test-method status="PASS" signature="testing()[pri:0, instance:com.crownelearn.Test.TestAPI_1@10bbd20a]" name="testing" duration-ms="614" started-at="2020-12-25T11:58:43 IST" finished-at="2020-12-25T11:58:43 IST">
          <reporter-output>
          </reporter-output>
        </test-method> <!-- testing -->
      </class> <!-- com.crownelearn.Test.TestAPI_1 -->
      <class name="com.crownelearn.Test.TestAPI_DD_Post">
        <test-method status="PASS" signature="postNewEmployee(java.lang.String, java.lang.String, java.lang.String)[pri:0, instance:com.crownelearn.Test.TestAPI_DD_Post@64729b1e]" name="postNewEmployee" duration-ms="2018" started-at="2020-12-25T11:58:40 IST" data-provider="empDataProvider" finished-at="2020-12-25T11:58:42 IST">
          <params>
            <param index="0">
              <value>
                <![CDATA[Kumaran]]>
              </value>
            </param>
            <param index="1">
              <value>
                <![CDATA[35000]]>
              </value>
            </param>
            <param index="2">
              <value>
                <![CDATA[30]]>
              </value>
            </param>
          </params>
          <reporter-output>
          </reporter-output>
        </test-method> <!-- postNewEmployee -->
        <test-method status="PASS" signature="postNewEmployee(java.lang.String, java.lang.String, java.lang.String)[pri:0, instance:com.crownelearn.Test.TestAPI_DD_Post@64729b1e]" name="postNewEmployee" duration-ms="1281" started-at="2020-12-25T11:58:42 IST" data-provider="empDataProvider" finished-at="2020-12-25T11:58:43 IST">
          <params>
            <param index="0">
              <value>
                <![CDATA[raja]]>
              </value>
            </param>
            <param index="1">
              <value>
                <![CDATA[43000]]>
              </value>
            </param>
            <param index="2">
              <value>
                <![CDATA[27]]>
              </value>
            </param>
          </params>
          <reporter-output>
          </reporter-output>
        </test-method> <!-- postNewEmployee -->
      </class> <!-- com.crownelearn.Test.TestAPI_DD_Post -->
      <class name="com.crownelearn.Test.TestAPI_2Post">
        <test-method status="PASS" signature="testAssured()[pri:0, instance:com.crownelearn.Test.TestAPI_2Post@4e7dc304]" name="testAssured" duration-ms="3802" started-at="2020-12-25T11:58:36 IST" finished-at="2020-12-25T11:58:40 IST">
          <reporter-output>
          </reporter-output>
        </test-method> <!-- testAssured -->
      </class> <!-- com.crownelearn.Test.TestAPI_2Post -->
    </test> <!-- Sample Build Test -->
  </suite> <!-- Suite -->
</testng-results>
